[debug] [2021-03-07T12:02:45.649Z] ----------------------------------------------------------------------
[debug] [2021-03-07T12:02:45.652Z] Command:       D:\node.exe C:\Users\Asus\AppData\Roaming\npm\node_modules\firebase-tools\lib\bin\firebase.js init
[debug] [2021-03-07T12:02:45.652Z] CLI Version:   9.5.0
[debug] [2021-03-07T12:02:45.652Z] Platform:      win32
[debug] [2021-03-07T12:02:45.652Z] Node Version:  v12.18.4
[debug] [2021-03-07T12:02:45.654Z] Time:          Sun Mar 07 2021 19:02:45 GMT+0700 (Indochina Time)
[debug] [2021-03-07T12:02:45.654Z] ----------------------------------------------------------------------
[debug] [2021-03-07T12:02:45.654Z] 
[debug] [2021-03-07T12:02:45.660Z] > command requires scopes: ["email","openid","https://www.googleapis.com/auth/cloudplatformprojects.readonly","https://www.googleapis.com/auth/firebase","https://www.googleapis.com/auth/cloud-platform"]
[debug] [2021-03-07T12:02:45.661Z] > authorizing via signed-in user
[info] 
     ######## #### ########  ######## ########     ###     ######  ########
     ##        ##  ##     ## ##       ##     ##  ##   ##  ##       ##
     ######    ##  ########  ######   ########  #########  ######  ######
     ##        ##  ##    ##  ##       ##     ## ##     ##       ## ##
     ##       #### ##     ## ######## ########  ##     ##  ######  ########

You're about to initialize a Firebase project in this directory:

  D:\vuex346

[info] 
=== Project Setup
[info] 
[info] First, let's associate this project directory with a Firebase project.
[info] You can create multiple project aliases by running firebase use --add, 
[info] but for now we'll just set up a default project.
[info] 
[debug] [2021-03-07T12:02:54.275Z] >>> [apiv2][query] GET https://firebase.googleapis.com/v1beta1/projects pageSize=100
[debug] [2021-03-07T12:02:55.004Z] <<< [apiv2][status] GET https://firebase.googleapis.com/v1beta1/projects 200
[debug] [2021-03-07T12:02:55.004Z] <<< [apiv2][body] GET https://firebase.googleapis.com/v1beta1/projects [omitted]
[info] i  Using project vuex346 (vuex346) 
[debug] [2021-03-07T12:03:00.352Z] Error: EBUSY: resource busy or locked, rename 'C:\Users\Asus\.config\configstore\firebase-tools.json.3994318840' -> 'C:\Users\Asus\.config\configstore\firebase-tools.json'
    at Object.renameSync (fs.js:741:3)
    at Function.writeFileSync [as sync] (C:\Users\Asus\AppData\Roaming\npm\node_modules\firebase-tools\node_modules\write-file-atomic\index.js:244:8)
    at Configstore.set all [as all] (C:\Users\Asus\AppData\Roaming\npm\node_modules\firebase-tools\node_modules\configstore\index.js:61:20)
    at Configstore.set (C:\Users\Asus\AppData\Roaming\npm\node_modules\firebase-tools\node_modules\configstore\index.js:91:12)
    at Object.makeActiveProject (C:\Users\Asus\AppData\Roaming\npm\node_modules\firebase-tools\lib\utils.js:154:31)
    at Object.doSetup [as project] (C:\Users\Asus\AppData\Roaming\npm\node_modules\firebase-tools\lib\init\features\project.js:98:11)
    at processTicksAndRejections (internal/process/task_queues.js:97:5)
    at async init (C:\Users\Asus\AppData\Roaming\npm\node_modules\firebase-tools\lib\init\index.js:19:9)
[error] 
[error] Error: An unexpected error has occurred.
